[risk-monitor] Installing dependencies...
bun install v1.3.10 (30e609e0)

+ @types/node@20.19.37
+ typescript@5.9.3
+ socket.io@4.8.3

23 packages installed [130.00ms]
[risk-monitor] Running bun run dev...
$ bun --hot index.ts
Risk Monitor Service running on port 3004
CORS allowed origins: http://localhost:3000, http://localhost:3001, http://127.0.0.1:3000, http://127.0.0.1:3001
Risk Monitor Service initialized
Features: Real-time risk monitoring, kill switch, alerts
46 |     }
47 |   }
48 |   let er;
49 |   if (args.length > 0)
50 |     er = args[0];
51 |     throw er;
                 ^
error: Failed to start server. Is port 3004 in use?
      at emitError (node:events:51:13)
