[bot-monitor] Installing dependencies...
bun install v1.3.10 (30e609e0)

+ socket.io@4.8.3

22 packages installed [121.00ms]
[bot-monitor] Running bun run dev...
$ bun --hot index.ts
Bot Monitor Service running on port 3003
CORS allowed origins: http://localhost:3000, http://localhost:3001, http://127.0.0.1:3000, http://127.0.0.1:3001
Initialized 3 demo bots
Bot Monitor Service initialized
Features: Real-time bot status, trade notifications, position updates
46 |     }
47 |   }
48 |   let er;
49 |   if (args.length > 0)
50 |     er = args[0];
51 |     throw er;
                 ^
error: Failed to start server. Is port 3003 in use?
      at emitError (node:events:51:13)
